{"level":"info","message":"Server started on port 3000","timestamp":"2018-02-16T15:23:19.377Z"}
{"level":"info","message":"Connected to fuel database","timestamp":"2018-02-16T15:23:20.642Z"}
{"level":"info","message":"Server started on port 3000","timestamp":"2018-02-16T15:23:40.212Z"}
{"level":"info","message":"Connected to fuel database","timestamp":"2018-02-16T15:23:40.585Z"}
{"level":"info","message":"Server started on port 3000","timestamp":"2018-02-16T15:24:33.058Z"}
{"level":"info","message":"Connected to fuel database","timestamp":"2018-02-16T15:24:33.894Z"}
{"level":"info","message":"Server started on port 3000","timestamp":"2018-02-16T15:25:55.604Z"}
{"level":"info","message":"Connected to fuel database","timestamp":"2018-02-16T15:25:56.127Z"}
{"level":"info","message":"Server started on port 3000","timestamp":"2018-02-16T22:35:36.580Z"}
{"level":"info","message":"Connected to fuel database","timestamp":"2018-02-16T22:35:37.570Z"}
{"level":"info","message":"Server started on port 3000","timestamp":"2018-02-16T22:45:21.781Z"}
{"level":"info","message":"Connected to fuel database","timestamp":"2018-02-16T22:45:23.382Z"}
{"level":"info","message":"Server started on port 3000","timestamp":"2018-02-16T22:45:26.250Z"}
{"level":"info","message":"Connected to fuel database","timestamp":"2018-02-16T22:45:26.678Z"}
{"level":"info","message":"Server started on port 3000","timestamp":"2018-02-16T22:45:28.957Z"}
{"level":"info","message":"Connected to fuel database","timestamp":"2018-02-16T22:45:29.583Z"}
{"level":"info","message":"Server started on port 3000","timestamp":"2018-02-16T22:45:55.708Z"}
{"level":"info","message":"Connected to fuel database","timestamp":"2018-02-16T22:45:56.544Z"}
{"level":"info","message":"Server started on port 3000","timestamp":"2018-02-16T22:46:05.236Z"}
{"level":"info","message":"Connected to fuel database","timestamp":"2018-02-16T22:46:06.178Z"}
{"level":"info","message":"Server started on port 3000","timestamp":"2018-02-16T22:46:09.213Z"}
{"level":"info","message":"Connected to fuel database","timestamp":"2018-02-16T22:46:09.862Z"}
{"level":"info","message":"Server started on port 3000","timestamp":"2018-02-16T22:46:13.841Z"}
{"level":"info","message":"Connected to fuel database","timestamp":"2018-02-16T22:46:14.864Z"}
{"level":"info","message":"Server started on port 3000","timestamp":"2018-02-16T22:46:20.438Z"}
{"level":"info","message":"Connected to fuel database","timestamp":"2018-02-16T22:46:20.772Z"}
{"level":"info","message":"Server started on port 3000","timestamp":"2018-02-16T22:46:22.423Z"}
{"level":"info","message":"Connected to fuel database","timestamp":"2018-02-16T22:46:22.746Z"}
{"level":"info","message":"Server started on port 3000","timestamp":"2018-02-16T22:46:23.784Z"}
{"level":"info","message":"Connected to fuel database","timestamp":"2018-02-16T22:46:24.671Z"}
{"level":"info","message":"Server started on port 3000","timestamp":"2018-02-16T22:46:25.206Z"}
{"level":"info","message":"Server started on port 3000","timestamp":"2018-02-16T22:46:26.113Z"}
{"level":"info","message":"Server started on port 3000","timestamp":"2018-02-16T22:46:27.019Z"}
{"level":"info","message":"Connected to fuel database","timestamp":"2018-02-16T22:46:27.480Z"}
{"level":"info","message":"Server started on port 3000","timestamp":"2018-02-16T22:46:28.621Z"}
{"level":"info","message":"Connected to fuel database","timestamp":"2018-02-16T22:46:29.291Z"}
{"method":"POST","url":"/users","body":{"username":"admian","emailAddress":"admin@admin.com","avatar":"asdasdasdasdasdadasdasd"},"timestamp":"2018-02-16T22:48:36.291Z","level":"info","message":"HTTP Request"}
{"method":"POST","url":"/user/transactions","body":{"vehicle":"5a81d0c66aa47014126aeb58","refueledAmount":56,"transactionPrice":250,"pricePerLiter":4.3,"distanceSinceLastRefueling":560,"location":"Knurów, LOTOS"},"timestamp":"2018-02-16T22:48:50.650Z","level":"info","message":"HTTP Request"}
{"method":"POST","url":"/user/transactions","body":{"vehicle":"5a81d0c66aa47014126aeb58","refueledAmount":58,"transactionPrice":250,"pricePerLiter":4.3,"distanceSinceLastRefueling":560,"location":"Knurów, LOTOS"},"timestamp":"2018-02-16T22:49:00.756Z","level":"info","message":"HTTP Request"}
{"method":"GET","url":"/user/transactions","body":{},"timestamp":"2018-02-16T22:49:07.491Z","level":"info","message":"HTTP Request"}
{"level":"info","message":"Server started on port 3000","timestamp":"2018-02-16T22:49:41.469Z"}
{"level":"info","message":"Connected to fuel database","timestamp":"2018-02-16T22:49:42.185Z"}
{"level":"info","message":"Server started on port 3000","timestamp":"2018-02-16T22:49:53.709Z"}
{"level":"info","message":"Connected to fuel database","timestamp":"2018-02-16T22:49:54.174Z"}
